<?xml version="1.0" encoding="UTF-8"?>
<!-- Generated by org.testng.reporters.JUnitReportReporter -->
<testsuite skipped="0" hostname="L-C02K10B5F1G3" name="test.java.SignupTest" tests="2" failures="0" timestamp="13 Dec 2018 00:42:30 GMT" time="98.072" errors="0">
  <testcase name="testSignup" time="49.514" classname="test.java.SignupTest"/>
  <testcase name="testSignup" time="48.558" classname="test.java.SignupTest"/>
</testsuite> <!-- test.java.SignupTest -->
